[backblue.gif]
[fade.gif]
[index.html]
[www.cracktheinterview.com/images/logo2.jpg]
[www.cracktheinterview.com/adfaqpublish.html]
[www.cracktheinterview.com/index.html]
[pagead2.googlesyndication.com/pagead/show_ads.js]
[www.cracktheinterview.com/search.html]
[www.cracktheinterview.com/images/started_small_2.gif]
[www.cracktheinterview.com/images/250_plus.gif]
[www.google.com/logos/Logo_25wht.gif]
[www.cracktheinterview.com/forum/templates/subSilver/images/icon_mini_faq.gif]
[www.cracktheinterview.com/forum/templates/subSilver/images/logo_phpBB.gif]
[www.cracktheinterview.com/forum/templates/subSilver/images/icon_mini_search.gif]
[www.cracktheinterview.com/forum/templates/subSilver/images/icon_mini_groups.gif]
[www.cracktheinterview.com/forum/templates/subSilver/images/icon_mini_members.gif]
[www.cracktheinterview.com/forum/templates/subSilver/images/icon_mini_register.gif]
[www.cracktheinterview.com/forum/templates/subSilver/images/icon_mini_profile.gif]
[www.cracktheinterview.com/forum/templates/subSilver/images/icon_mini_message.gif]
[www.cracktheinterview.com/forum/templates/subSilver/images/icon_mini_login.gif]
[www.cracktheinterview.com/forum/templates/subSilver/images/folder_big.gif]
[www.cracktheinterview.com/forum/templates/subSilver/images/icon_latest_reply.gif]
[www.cracktheinterview.com/forum/templates/subSilver/images/whosonline.gif]
[www.cracktheinterview.com/forum/index.html]
[www.cracktheinterview.com/forum/templates/subSilver/images/lang_english/post.gif]
[www.cracktheinterview.com/forum/templates/subSilver/images/folder_new_big.gif]
[www.cracktheinterview.com/forum/templates/subSilver/images/folder_locked_big.gif]
[www.cracktheinterview.com/forum/templates/subSilver/images/folder.gif]
[www.cracktheinterview.com/forum/viewforum12a3.html]
[www.cracktheinterview.com/forum/templates/subSilver/images/folder_new.gif]
[www.cracktheinterview.com/forum/templates/subSilver/images/folder_announce.gif]
[www.cracktheinterview.com/forum/templates/subSilver/images/folder_new_hot.gif]
[www.cracktheinterview.com/forum/templates/subSilver/images/folder_hot.gif]
[www.cracktheinterview.com/forum/templates/subSilver/images/folder_sticky.gif]
[www.cracktheinterview.com/forum/templates/subSilver/images/folder_lock_new.gif]
[www.cracktheinterview.com/forum/templates/subSilver/images/folder_lock.gif]
[www.cracktheinterview.com/forum/viewforum4d6b.html]
[www.cracktheinterview.com/forum/viewforum31e6.html]
[www.cracktheinterview.com/pages/0_0.html]
[www.cracktheinterview.com/pages/0_1.html]
[www.cracktheinterview.com/pages/0_2.html]
[www.cracktheinterview.com/pages/0_3.html]
[www.cracktheinterview.com/pages/0_4.html]
[www.cracktheinterview.com/pages/0_5.html]
[www.cracktheinterview.com/pages/0_6.html]
[www.cracktheinterview.com/pages/0_7.html]
[www.cracktheinterview.com/pages/0_8.html]
[www.cracktheinterview.com/pages/0_9.html]
[www.cracktheinterview.com/pages/0_10.html]
[www.cracktheinterview.com/pages/0_11.html]
[www.cracktheinterview.com/pages/0_12.html]
[www.cracktheinterview.com/pages/0_13.html]
[www.cracktheinterview.com/pages/0_14.html]
[www.cracktheinterview.com/pages/1_0.html]
[www.cracktheinterview.com/pages/1_1.html]
[www.cracktheinterview.com/pages/1_2.html]
[www.cracktheinterview.com/pages/1_3.html]
[www.cracktheinterview.com/pages/1_4.html]
[www.cracktheinterview.com/pages/1_5.html]
[www.cracktheinterview.com/pages/1_6.html]
[www.cracktheinterview.com/pages/1_7.html]
[www.cracktheinterview.com/pages/1_8.html]
[www.cracktheinterview.com/pages/1_9.html]
[www.cracktheinterview.com/pages/1_10.html]
[www.cracktheinterview.com/pages/2_0.html]
[www.cracktheinterview.com/pages/2_1.html]
[www.cracktheinterview.com/pages/2_2.html]
[www.cracktheinterview.com/pages/2_3.html]
[www.cracktheinterview.com/pages/2_4.html]
[www.cracktheinterview.com/pages/2_5.html]
[www.cracktheinterview.com/pages/2_6.html]
[www.cracktheinterview.com/pages/2_7.html]
[www.cracktheinterview.com/pages/2_8.html]
[www.cracktheinterview.com/pages/2_9.html]
[www.cracktheinterview.com/pages/2_10.html]
[www.cracktheinterview.com/pages/2_11.html]
[www.cracktheinterview.com/pages/2_12.html]
[www.cracktheinterview.com/pages/2_13.html]
[www.cracktheinterview.com/pages/2_14.html]
[www.cracktheinterview.com/pages/2_15.html]
[www.cracktheinterview.com/pages/2_16.html]
[www.cracktheinterview.com/pages/2_17.html]
[www.cracktheinterview.com/pages/2_18.html]
[www.cracktheinterview.com/pages/2_19.html]
[www.cracktheinterview.com/pages/2_20.html]
[www.cracktheinterview.com/pages/2_21.html]
[www.cracktheinterview.com/pages/2_22.html]
[www.cracktheinterview.com/pages/2_23.html]
[www.cracktheinterview.com/pages/2_24.html]
[www.cracktheinterview.com/pages/2_25.html]
[www.cracktheinterview.com/pages/2_26.html]
[www.cracktheinterview.com/pages/2_27.html]
[www.cracktheinterview.com/pages/2_28.html]
[www.cracktheinterview.com/pages/2_29.html]
[www.cracktheinterview.com/pages/2_30.html]
[www.cracktheinterview.com/pages/2_31.html]
[www.cracktheinterview.com/pages/2_32.html]
[www.cracktheinterview.com/pages/2_33.html]
[www.cracktheinterview.com/pages/2_34.html]
[www.cracktheinterview.com/pages/2_35.html]
[www.cracktheinterview.com/pages/2_36.html]
[www.cracktheinterview.com/pages/2_37.html]
[www.cracktheinterview.com/pages/2_38.html]
[www.cracktheinterview.com/pages/2_39.html]
[www.cracktheinterview.com/pages/2_40.html]
[www.cracktheinterview.com/pages/2_41.html]
[www.cracktheinterview.com/pages/2_42.html]
[www.cracktheinterview.com/pages/2_43.html]
[www.cracktheinterview.com/pages/2_44.html]
[www.cracktheinterview.com/pages/2_45.html]
[www.cracktheinterview.com/pages/2_46.html]
[www.cracktheinterview.com/pages/2_47.html]
[www.cracktheinterview.com/pages/2_48.html]
[www.cracktheinterview.com/pages/2_49.html]
[www.cracktheinterview.com/pages/2_50.html]
[www.cracktheinterview.com/pages/2_51.html]
[www.cracktheinterview.com/pages/2_52.html]
[www.cracktheinterview.com/pages/2_53.html]
[www.cracktheinterview.com/pages/2_54.html]
[www.cracktheinterview.com/pages/2_55.html]
[www.cracktheinterview.com/pages/2_56.html]
[www.cracktheinterview.com/pages/3_0.html]
[www.cracktheinterview.com/pages/3_1.html]
[www.cracktheinterview.com/pages/3_2.html]
[www.cracktheinterview.com/pages/3_3.html]
[www.cracktheinterview.com/pages/3_4.html]
[www.cracktheinterview.com/pages/3_5.html]
[www.cracktheinterview.com/pages/3_6.html]
[www.cracktheinterview.com/pages/3_7.html]
[www.cracktheinterview.com/pages/3_8.html]
[www.cracktheinterview.com/pages/3_9.html]
[www.cracktheinterview.com/pages/3_10.html]
[www.cracktheinterview.com/pages/3_11.html]
[www.cracktheinterview.com/pages/3_12.html]
[www.cracktheinterview.com/pages/3_13.html]
[www.cracktheinterview.com/pages/3_14.html]
[www.cracktheinterview.com/pages/3_15.html]
[www.cracktheinterview.com/pages/3_16.html]
[www.cracktheinterview.com/pages/3_17.html]
[www.cracktheinterview.com/pages/3_18.html]
[www.cracktheinterview.com/pages/3_19.html]
[www.cracktheinterview.com/pages/3_20.html]
[www.cracktheinterview.com/pages/3_21.html]
[www.cracktheinterview.com/pages/3_22.html]
[www.cracktheinterview.com/pages/3_23.html]
[www.cracktheinterview.com/pages/3_24.html]
[www.cracktheinterview.com/pages/3_25.html]
[www.cracktheinterview.com/pages/3_26.html]
[www.cracktheinterview.com/pages/4_0.html]
[www.cracktheinterview.com/pages/4_1.html]
[www.cracktheinterview.com/pages/4_2.html]
[www.cracktheinterview.com/pages/4_3.html]
[www.cracktheinterview.com/pages/4_4.html]
[www.cracktheinterview.com/pages/4_5.html]
[www.cracktheinterview.com/pages/5_0.html]
[www.cracktheinterview.com/pages/5_1.html]
[www.cracktheinterview.com/pages/5_2.html]
[www.cracktheinterview.com/pages/5_3.html]
[www.cracktheinterview.com/pages/6_0.html]
[www.cracktheinterview.com/pages/6_1.html]
[www.cracktheinterview.com/pages/6_2.html]
[www.cracktheinterview.com/pages/6_3.html]
[www.cracktheinterview.com/pages/6_4.html]
[www.cracktheinterview.com/pages/6_5.html]
[www.cracktheinterview.com/pages/6_6.html]
[www.cracktheinterview.com/pages/6_7.html]
[www.cracktheinterview.com/pages/6_8.html]
[www.cracktheinterview.com/pages/6_9.html]
[www.cracktheinterview.com/pages/6_10.html]
[www.cracktheinterview.com/pages/6_11.html]
[www.cracktheinterview.com/pages/6_12.html]
[www.cracktheinterview.com/pages/6_13.html]
[www.cracktheinterview.com/pages/6_14.html]
[www.cracktheinterview.com/pages/6_15.html]
[www.cracktheinterview.com/pages/6_16.html]
[www.cracktheinterview.com/pages/6_17.html]
[www.cracktheinterview.com/pages/6_18.html]
[www.cracktheinterview.com/pages/6_19.html]
[www.cracktheinterview.com/pages/7_0.html]
[www.cracktheinterview.com/pages/7_1.html]
[www.cracktheinterview.com/pages/7_2.html]
[www.cracktheinterview.com/pages/7_3.html]
[www.cracktheinterview.com/pages/7_4.html]
[www.cracktheinterview.com/pages/7_5.html]
[www.cracktheinterview.com/pages/7_6.html]
[www.cracktheinterview.com/pages/7_7.html]
[www.cracktheinterview.com/pages/7_8.html]
[www.cracktheinterview.com/pages/7_9.html]
[www.cracktheinterview.com/pages/7_10.html]
[www.cracktheinterview.com/pages/7_11.html]
[www.cracktheinterview.com/pages/7_12.html]
[www.cracktheinterview.com/pages/7_13.html]
[www.cracktheinterview.com/pages/7_14.html]
[www.cracktheinterview.com/pages/8_0.html]
[www.cracktheinterview.com/pages/8_1.html]
[www.cracktheinterview.com/pages/8_2.html]
[www.cracktheinterview.com/pages/8_3.html]
[www.cracktheinterview.com/pages/8_4.html]
[www.cracktheinterview.com/pages/8_5.html]
[www.cracktheinterview.com/pages/8_6.html]
[www.cracktheinterview.com/pages/8_7.html]
[www.cracktheinterview.com/pages/8_8.html]
[www.cracktheinterview.com/pages/8_9.html]
[www.cracktheinterview.com/pages/8_10.html]
[www.cracktheinterview.com/pages/8_11.html]
[www.cracktheinterview.com/pages/8_12.html]
[www.cracktheinterview.com/pages/8_13.html]
[www.cracktheinterview.com/pages/8_14.html]
[www.cracktheinterview.com/pages/8_15.html]
[www.cracktheinterview.com/pages/8_16.html]
[www.cracktheinterview.com/pages/8_17.html]
[www.cracktheinterview.com/pages/8_18.html]
[www.cracktheinterview.com/pages/8_19.html]
[www.cracktheinterview.com/pages/8_20.html]
[www.cracktheinterview.com/pages/8_21.html]
[www.cracktheinterview.com/pages/8_22.html]
[www.cracktheinterview.com/pages/9_0.html]
[www.cracktheinterview.com/pages/9_1.html]
[www.cracktheinterview.com/pages/9_2.html]
[www.cracktheinterview.com/pages/10_0.html]
[www.cracktheinterview.com/pages/10_1.html]
[www.cracktheinterview.com/pages/10_2.html]
[www.cracktheinterview.com/pages/10_3.html]
[www.cracktheinterview.com/pages/10_4.html]
[www.cracktheinterview.com/pages/10_5.html]
[www.cracktheinterview.com/pages/10_6.html]
[www.cracktheinterview.com/pages/10_7.html]
[www.cracktheinterview.com/pages/10_8.html]
[www.cracktheinterview.com/pages/11_0.html]
[www.cracktheinterview.com/pages/11_1.html]
[www.cracktheinterview.com/pages/11_2.html]
[www.cracktheinterview.com/pages/11_3.html]
[www.cracktheinterview.com/pages/11_4.html]
[www.cracktheinterview.com/pages/11_5.html]
[www.cracktheinterview.com/pages/11_6.html]
[www.cracktheinterview.com/pages/11_7.html]
[www.cracktheinterview.com/pages/12_0.html]
[www.cracktheinterview.com/pages/12_1.html]
[www.cracktheinterview.com/pages/12_2.html]
[www.cracktheinterview.com/pages/12_3.html]
[www.cracktheinterview.com/pages/13_0.html]
[www.cracktheinterview.com/pages/13_1.html]
[www.cracktheinterview.com/pages/14_0.html]
[www.cracktheinterview.com/pages/14_1.html]
[www.cracktheinterview.com/pages/14_2.html]
[www.cracktheinterview.com/pages/14_3.html]
[www.cracktheinterview.com/pages/14_4.html]
[www.cracktheinterview.com/pages/14_5.html]
[www.cracktheinterview.com/pages/15_0.html]
[www.cracktheinterview.com/pages/15_1.html]
[www.cracktheinterview.com/pages/15_2.html]
[www.cracktheinterview.com/pages/16_0.html]
[www.cracktheinterview.com/pages/16_1.html]
[www.cracktheinterview.com/pages/16_2.html]
[www.cracktheinterview.com/pages/16_3.html]
[www.cracktheinterview.com/pages/16_4.html]
[www.cracktheinterview.com/pages/16_5.html]
[www.cracktheinterview.com/pages/16_6.html]
[www.cracktheinterview.com/pages/16_7.html]
[www.cracktheinterview.com/pages/16_8.html]
[www.cracktheinterview.com/pages/16_9.html]
[www.cracktheinterview.com/pages/16_10.html]
[www.cracktheinterview.com/pages/16_11.html]
[www.cracktheinterview.com/pages/16_12.html]
[www.cracktheinterview.com/pages/16_13.html]
[www.cracktheinterview.com/pages/17_0.html]
[www.cracktheinterview.com/pages/17_1.html]
[www.cracktheinterview.com/pages/17_2.html]
[www.cracktheinterview.com/pages/17_3.html]
[www.cracktheinterview.com/pages/18_0.html]
[www.cracktheinterview.com/pages/18_1.html]
[www.cracktheinterview.com/pages/18_2.html]
[www.cracktheinterview.com/pages/18_3.html]
[www.cracktheinterview.com/pages/18_4.html]
[www.cracktheinterview.com/pages/18_5.html]
[www.cracktheinterview.com/pages/18_6.html]
[www.cracktheinterview.com/pages/18_7.html]
[www.cracktheinterview.com/pages/18_8.html]
[www.cracktheinterview.com/pages/18_9.html]
[www.cracktheinterview.com/pages/18_10.html]
[www.cracktheinterview.com/pages/18_11.html]
[www.cracktheinterview.com/pages/18_12.html]
[www.cracktheinterview.com/pages/18_13.html]
[www.cracktheinterview.com/pages/18_14.html]
[www.cracktheinterview.com/pages/18_15.html]
[www.cracktheinterview.com/pages/18_16.html]
[www.cracktheinterview.com/pages/18_17.html]
[www.cracktheinterview.com/pages/18_18.html]
[www.cracktheinterview.com/pages/18_19.html]
[www.cracktheinterview.com/pages/18_20.html]
[www.cracktheinterview.com/pages/18_21.html]
[www.cracktheinterview.com/pages/18_22.html]
[www.cracktheinterview.com/pages/18_23.html]
[www.cracktheinterview.com/pages/18_24.html]
[www.cracktheinterview.com/pages/18_25.html]
[www.cracktheinterview.com/pages/18_26.html]
[www.cracktheinterview.com/pages/19_0.html]
[www.cracktheinterview.com/pages/19_1.html]
[www.cracktheinterview.com/pages/19_2.html]
[www.cracktheinterview.com/pages/19_3.html]
[www.cracktheinterview.com/pages/19_4.html]
[www.cracktheinterview.com/pages/19_5.html]
[www.cracktheinterview.com/pages/19_6.html]
[www.cracktheinterview.com/pages/19_7.html]
[www.cracktheinterview.com/pages/19_8.html]
[www.cracktheinterview.com/pages/19_9.html]
[www.cracktheinterview.com/pages/19_10.html]
[www.cracktheinterview.com/pages/19_11.html]
[www.cracktheinterview.com/pages/19_12.html]
[www.cracktheinterview.com/pages/19_13.html]
[www.cracktheinterview.com/pages/20_0.html]
[www.cracktheinterview.com/pages/20_1.html]
[www.cracktheinterview.com/pages/20_2.html]
[www.cracktheinterview.com/pages/20_3.html]
[www.cracktheinterview.com/pages/20_4.html]
[www.cracktheinterview.com/pages/21_0.html]
[www.cracktheinterview.com/pages/22_0.html]
[www.cracktheinterview.com/pages/23_0.html]
[www.cracktheinterview.com/pages/24_0.html]
[www.cracktheinterview.com/pages/25_0.html]
[www.cracktheinterview.com/pages/26_0.html]
[www.cracktheinterview.com/pages/27_0.html]
[www.cracktheinterview.com/pages/28_0.html]
[www.cracktheinterview.com/pages/29_0.html]
[www.cracktheinterview.com/pages/30_0.html]
[m1.nedstatbasic.net/basic.js]
[www.cracktheinterview.com/ADa5iQTT5Jlg/TxAroe/4fq5freg.html]
[www.cracktheinterview.com/forum/index-2.html]
[www.cracktheinterview.com/forum/search.html]
[www.cracktheinterview.com/forum/faq.html]
[www.cracktheinterview.com/forum/memberlist.html]
[www.cracktheinterview.com/forum/groupcp.html]
[www.cracktheinterview.com/forum/profile8319.html]
[www.cracktheinterview.com/forum/profile3cf8.html]
[www.cracktheinterview.com/forum/privmsgf793.html]
[www.cracktheinterview.com/forum/login.html]
[www.cracktheinterview.com/forum/search33a7.html]
[www.cracktheinterview.com/forum/index4847.html]
[www.cracktheinterview.com/forum/viewforum58da.html]
[www.cracktheinterview.com/forum/profile42e2.html]
[www.cracktheinterview.com/forum/viewtopic2586.html]
[www.cracktheinterview.com/forum/viewtopic0325.html]
[www.cracktheinterview.com/forum/viewtopic5fb3.html]
[www.cracktheinterview.com/forum/profile127b.html]
[www.cracktheinterview.com/forum/viewtopic03e1.html]
[www.cracktheinterview.com/forum/viewforume774.html]
[www.cracktheinterview.com/forum/profileceae.html]
[www.cracktheinterview.com/forum/viewtopic1639.html]
[www.cracktheinterview.com/forum/index99d4.html]
[www.cracktheinterview.com/forum/viewonline.html]
[www.cracktheinterview.com/forum/profileaf7b.html]
[www.cracktheinterview.com/forum/posting8250.html]
[www.cracktheinterview.com/forum/viewforum6fd1.html]
[www.cracktheinterview.com/forum/viewtopicdfe0.html]
[www.cracktheinterview.com/forum/profilee5ac.html]
[www.cracktheinterview.com/forum/viewtopicc657.html]
[www.cracktheinterview.com/forum/profile3d8a.html]
[www.cracktheinterview.com/forum/viewtopic4034.html]
[www.cracktheinterview.com/forum/viewtopicf6d5.html]
[www.cracktheinterview.com/forum/profileca50.html]
[www.cracktheinterview.com/forum/viewtopicbbc7.html]
[www.cracktheinterview.com/forum/viewtopicd3fa.html]
[www.cracktheinterview.com/forum/profile5931.html]
[www.cracktheinterview.com/forum/viewtopic8816.html]
[www.cracktheinterview.com/forum/viewtopica549.html]
[www.cracktheinterview.com/forum/profile10a2.html]
[www.cracktheinterview.com/forum/viewtopicbde5.html]
[www.cracktheinterview.com/forum/viewtopic7844.html]
[www.cracktheinterview.com/forum/profile07c9.html]
[www.cracktheinterview.com/forum/viewtopic64b4.html]
[www.cracktheinterview.com/forum/postingf06a.html]
[www.cracktheinterview.com/forum/viewforum8db4.html]
[www.cracktheinterview.com/forum/viewtopic6692.html]
[www.cracktheinterview.com/forum/viewtopic660c.html]
[www.cracktheinterview.com/forum/viewtopicd8eb.html]
[www.cracktheinterview.com/forum/viewtopicc987.html]
[www.cracktheinterview.com/forum/viewtopic0e62.html]
[www.cracktheinterview.com/forum/viewtopic15fa.html]
[www.cracktheinterview.com/forum/viewtopica1ca.html]
[www.cracktheinterview.com/forum/viewforume9f2.html]
[www.cracktheinterview.com/forum/posting0e17.html]
[www.cracktheinterview.com/forum/viewforumfd6b.html]
[www.cracktheinterview.com/forum/viewtopicbcd5.html]
[www.cracktheinterview.com/forum/viewtopic29b6.html]
[www.cracktheinterview.com/forum/viewtopiccfe0.html]
[www.cracktheinterview.com/forum/viewtopic2765.html]
[www.cracktheinterview.com/forum/profile5a1b.html]
[www.cracktheinterview.com/forum/viewtopic8a71.html]
[www.cracktheinterview.com/forum/viewtopic4b7a.html]
[www.cracktheinterview.com/forum/viewtopic5f0f.html]
[www.cracktheinterview.com/forum/viewtopic2792.html]
[www.cracktheinterview.com/forum/profile6f17.html]
[www.cracktheinterview.com/forum/viewtopic4580.html]
[www.cracktheinterview.com/forum/viewtopic8335.html]
[www.cracktheinterview.com/forum/viewtopic8c34.html]
[www.cracktheinterview.com/forum/viewtopic74ec.html]
[www.cracktheinterview.com/forum/profile2f27.html]
[www.cracktheinterview.com/forum/viewtopicc094.html]
[www.cracktheinterview.com/forum/viewtopic1919.html]
[www.cracktheinterview.com/forum/viewtopicd7c9.html]
[www.cracktheinterview.com/forum/viewtopic05d0.html]
[www.cracktheinterview.com/forum/profile6481.html]
[www.cracktheinterview.com/forum/viewtopic0114.html]
[www.cracktheinterview.com/forum/viewtopic8932.html]
[www.cracktheinterview.com/forum/profile611a.html]
[www.cracktheinterview.com/forum/viewtopic0eba.html]
[www.cracktheinterview.com/forum/viewtopic06da.html]
[www.cracktheinterview.com/forum/profile6ed2.html]
[www.cracktheinterview.com/forum/viewtopicc140.html]
[www.cracktheinterview.com/forum/viewtopic7b70.html]
[www.cracktheinterview.com/forum/viewtopicdc0d.html]
[www.cracktheinterview.com/forum/viewtopic9db1.html]
[www.cracktheinterview.com/forum/profile9d11.html]
[www.cracktheinterview.com/forum/viewtopic5051.html]
[www.cracktheinterview.com/forum/viewtopica2c7.html]
[www.cracktheinterview.com/forum/viewtopicd1c3.html]
[www.cracktheinterview.com/forum/viewtopic8e70.html]
[www.cracktheinterview.com/forum/viewtopic85b3.html]
[www.cracktheinterview.com/forum/viewtopic2aee.html]
[www.cracktheinterview.com/forum/viewtopicf45e.html]
[www.cracktheinterview.com/forum/viewtopicab77.html]
[www.cracktheinterview.com/forum/viewtopic78d6.html]
[www.cracktheinterview.com/forum/viewtopic48cf.html]
[www.cracktheinterview.com/forum/viewtopicccf8.html]
[www.cracktheinterview.com/forum/viewtopic4551.html]
[www.cracktheinterview.com/forum/profile6cee.html]
[www.cracktheinterview.com/forum/viewtopica828.html]
[www.cracktheinterview.com/forum/viewtopic106a.html]
[www.cracktheinterview.com/forum/profiled931.html]
[www.cracktheinterview.com/forum/viewtopicada0.html]
[www.cracktheinterview.com/forum/viewtopic26ef.html]
[www.cracktheinterview.com/forum/profile2e65.html]
[www.cracktheinterview.com/forum/viewtopic17d5.html]
[www.cracktheinterview.com/forum/viewtopic544d.html]
[www.cracktheinterview.com/forum/viewtopic7760.html]
[www.cracktheinterview.com/forum/viewtopic842f.html]
[www.cracktheinterview.com/forum/profile447a.html]
[www.cracktheinterview.com/forum/viewtopicd1a7.html]
[www.cracktheinterview.com/forum/viewtopic1bfa.html]
[www.cracktheinterview.com/forum/viewtopic1611.html]
[www.cracktheinterview.com/forum/viewtopicbde2.html]
[www.cracktheinterview.com/forum/profile31ae.html]
[www.cracktheinterview.com/forum/viewtopice539.html]
[www.cracktheinterview.com/forum/viewtopic0a90.html]
[www.cracktheinterview.com/forum/profile5afe.html]
[www.cracktheinterview.com/forum/viewtopic56d6.html]
[www.cracktheinterview.com/forum/viewtopic47a7.html]
[www.cracktheinterview.com/forum/viewtopic421d.html]
[www.cracktheinterview.com/forum/viewtopic8467.html]
[www.cracktheinterview.com/forum/viewtopicdc22.html]
[www.cracktheinterview.com/forum/viewtopic36c3.html]
[www.cracktheinterview.com/forum/viewtopicee5b.html]
[www.cracktheinterview.com/forum/viewtopic545a.html]
[www.cracktheinterview.com/forum/profilea215.html]
[www.cracktheinterview.com/forum/viewtopic47f2.html]
[www.cracktheinterview.com/forum/viewtopic5103.html]
[www.cracktheinterview.com/forum/viewtopic9c49.html]
[www.cracktheinterview.com/forum/viewtopic1c3f.html]
[www.cracktheinterview.com/forum/viewtopicd52d.html]
[www.cracktheinterview.com/forum/viewtopicdcf3.html]
[www.cracktheinterview.com/forum/viewtopic9751.html]
[www.cracktheinterview.com/forum/viewtopic7770.html]
[www.cracktheinterview.com/forum/viewtopicdb84.html]
[www.cracktheinterview.com/forum/viewtopic8906.html]
[www.cracktheinterview.com/forum/viewtopic7737.html]
[www.cracktheinterview.com/forum/viewtopic1909.html]
[www.cracktheinterview.com/forum/viewtopicdb4e.html]
[www.cracktheinterview.com/forum/viewtopic61b5.html]
[www.cracktheinterview.com/forum/viewtopicd78c.html]
[www.cracktheinterview.com/forum/viewtopic8ce6.html]
[www.cracktheinterview.com/forum/profile67b2.html]
[www.cracktheinterview.com/forum/viewtopic30a5.html]
[www.cracktheinterview.com/forum/viewtopicb808.html]
[www.cracktheinterview.com/forum/viewtopic3961.html]
[www.cracktheinterview.com/forum/viewtopicf544.html]
[www.cracktheinterview.com/forum/viewtopic8820.html]
[www.cracktheinterview.com/forum/viewtopic90e1.html]
[www.cracktheinterview.com/forum/viewtopic5f87.html]
[www.cracktheinterview.com/forum/viewtopic2c8f.html]
[www.cracktheinterview.com/forum/viewtopic5a24.html]
[www.cracktheinterview.com/forum/viewtopic00d5.html]
[www.cracktheinterview.com/forum/viewtopicc5eb.html]
[www.cracktheinterview.com/forum/viewtopic5b6a.html]
[www.cracktheinterview.com/forum/viewtopic65d2.html]
[www.cracktheinterview.com/forum/viewtopic9084.html]
[www.cracktheinterview.com/forum/profileb63b.html]
[www.cracktheinterview.com/forum/viewtopic8e15.html]
[www.cracktheinterview.com/forum/viewtopic436c.html]
[www.cracktheinterview.com/forum/viewtopic3fbb.html]
[www.cracktheinterview.com/forum/viewtopic6e8f.html]
[www.cracktheinterview.com/forum/profiled8b4.html]
[www.cracktheinterview.com/forum/viewtopic5d38.html]
[www.cracktheinterview.com/forum/viewtopicc698.html]
[www.cracktheinterview.com/forum/profile4f85.html]
[www.cracktheinterview.com/forum/viewtopic648c.html]
[www.cracktheinterview.com/forum/viewtopic1192.html]
[www.cracktheinterview.com/forum/viewtopic55e4.html]
[www.cracktheinterview.com/forum/viewtopic3fed.html]
[www.cracktheinterview.com/forum/viewtopicb135.html]
